<?xml version="1.0" encoding="UTF-8"?>
<!-- Generated by org.testng.reporters.JUnitReportReporter -->
<testsuite hostname="DESKTOP-GJ9BB5T" failures="0" tests="1" name="Build001.makemytrip" time="33.393" errors="0" timestamp="2024-11-15T12:01:24 IST" skipped="0">
  <testcase classname="Build001.makemytrip" name="booking" time="33.393"/>
</testsuite> <!-- Build001.makemytrip -->
